<?xml version="1.0" encoding="UTF-8"?>
<!-- Generated by org.testng.reporters.JUnitXMLReporter -->
<testsuite hostname="Surajk-PC" ignored="2" name="Default test" tests="1" failures="0" timestamp="14 May 2020 07:22:07 GMT" time="74.44" errors="0">
  <testcase name="TC_VerifyRegistration" time="13.227" classname="com.mystore.demo.testcase.TC01"/>
  <testcase name="TC_verifyAlertMessageOfCommunity" time="0.0" classname="com.mystore.demo.testcase.TC01">
    <ignored/>
  </testcase> <!-- TC_verifyAlertMessageOfCommunity -->
  <testcase name="TC_verifyAlertMessageOfDateOfBirth" time="0.0" classname="com.mystore.demo.testcase.TC01">
    <ignored/>
  </testcase> <!-- TC_verifyAlertMessageOfDateOfBirth -->
</testsuite> <!-- Default test -->
