<?xml version="1.0" encoding="UTF-8"?>
<testng-results skipped="0" failed="0" ignored="2" total="3" passed="1">
  <reporter-output>
  </reporter-output>
  <suite name="Default suite" duration-ms="74440" started-at="2020-05-14T07:20:53Z" finished-at="2020-05-14T07:22:07Z">
    <groups>
    </groups>
    <test name="Default test" duration-ms="74440" started-at="2020-05-14T07:20:53Z" finished-at="2020-05-14T07:22:07Z">
      <class name="com.mystore.demo.testcase.TC01">
        <test-method status="PASS" signature="setupBeforeSuite()[pri:0, instance:com.mystore.demo.testcase.TC01@57baeedf]" name="setupBeforeSuite" is-config="true" duration-ms="15" started-at="2020-05-14T07:20:53Z" finished-at="2020-05-14T07:20:53Z">
          <reporter-output>
          </reporter-output>
        </test-method> <!-- setupBeforeSuite -->
        <test-method status="PASS" signature="setupBeforeTest()[pri:0, instance:com.mystore.demo.testcase.TC01@57baeedf]" name="setupBeforeTest" is-config="true" duration-ms="61148" started-at="2020-05-14T07:20:53Z" finished-at="2020-05-14T07:21:54Z">
          <reporter-output>
          </reporter-output>
        </test-method> <!-- setupBeforeTest -->
        <test-method status="PASS" signature="setupBeforeClass()[pri:0, instance:com.mystore.demo.testcase.TC01@57baeedf]" name="setupBeforeClass" is-config="true" duration-ms="41" started-at="2020-05-14T07:21:54Z" finished-at="2020-05-14T07:21:54Z">
          <reporter-output>
          </reporter-output>
        </test-method> <!-- setupBeforeClass -->
        <test-method status="PASS" signature="TC_VerifyRegistration()[pri:0, instance:com.mystore.demo.testcase.TC01@57baeedf]" name="TC_VerifyRegistration" duration-ms="13227" started-at="2020-05-14T07:21:54Z" finished-at="2020-05-14T07:22:07Z">
          <reporter-output>
          </reporter-output>
        </test-method> <!-- TC_VerifyRegistration -->
        <test-method status="PASS" signature="setupAfterTest()[pri:0, instance:com.mystore.demo.testcase.TC01@57baeedf]" name="setupAfterTest" is-config="true" duration-ms="1" started-at="2020-05-14T07:22:07Z" finished-at="2020-05-14T07:22:07Z">
          <reporter-output>
          </reporter-output>
        </test-method> <!-- setupAfterTest -->
        <test-method status="PASS" signature="setupAfterSuite()[pri:0, instance:com.mystore.demo.testcase.TC01@57baeedf]" name="setupAfterSuite" is-config="true" duration-ms="0" started-at="2020-05-14T07:22:07Z" finished-at="2020-05-14T07:22:07Z">
          <reporter-output>
          </reporter-output>
        </test-method> <!-- setupAfterSuite -->
      </class> <!-- com.mystore.demo.testcase.TC01 -->
    </test> <!-- Default test -->
  </suite> <!-- Default suite -->
</testng-results>
